<?xml version="1.0" encoding="UTF-8"?>
<!-- Generated by org.testng.reporters.JUnitXMLReporter -->
<testsuite ignored="0" hostname="HAMILTON-QA1L" failures="0" tests="5" name="Testing" time="0.046" errors="0" timestamp="2022-05-09T19:04:34 IST">
  <testcase classname="LearnMaven.LearnMTS.SelTest" name="elementsUI" time="0.004"/>
  <testcase classname="LearnMaven.LearnMTS.SelTest" name="tm2" time="0.004"/>
  <testcase classname="LearnMaven.LearnMTS.SelTest" name="browserAutomation" time="0.002"/>
  <testcase classname="LearnMaven.LearnMTS.SelTest" name="pmt" time="0.001"/>
  <testcase classname="LearnMaven.LearnMTS.SelTest" name="tm1" time="0.001"/>
</testsuite> <!-- Testing -->
