<?xml version="1.0" encoding="UTF-8"?>
<!-- Generated by org.testng.reporters.JUnitXMLReporter -->
<testsuite ignored="1" hostname="HAMILTON-QA1L" failures="0" tests="6" name="Test1" time="0.031" errors="0" timestamp="2022-05-05T18:41:59 IST">
  <testcase classname="LearnMaven.LearnMTS.RestApiTest" name="deleteTwitter" time="0.005"/>
  <testcase classname="LearnMaven.LearnMTS.RestApiTest" name="postFB" time="0.0"/>
  <testcase classname="LearnMaven.LearnMTS.RestApiTest" name="postInsta" time="0.001"/>
  <testcase classname="LearnMaven.LearnMTS.RestApiTest" name="postJira" time="0.001"/>
  <testcase classname="LearnMaven.LearnMTS.RestApiTest" name="postMeta" time="0.0"/>
  <testcase classname="LearnMaven.LearnMTS.SelTest" name="browserAutomation" time="0.001"/>
  <testcase classname="LearnMaven.LearnMTS.SelTest" name="elementsUI" time="0.0">
    <ignored/>
  </testcase> <!-- elementsUI -->
</testsuite> <!-- Test1 -->
