<?xml version="1.0" encoding="UTF-8"?>
<!-- Generated by org.testng.reporters.JUnitXMLReporter -->
<testsuite ignored="1" hostname="HAMILTON-QA1L" failures="1" tests="13" name="Command line test" time="0.054" errors="0" timestamp="2022-07-26T17:04:12 IST">
  <testcase classname="LearnMaven.LearnMTS.AnnotationsTest" name="deleteTwitter" time="0.001"/>
  <testcase classname="LearnMaven.LearnMTS.AnnotationsTest" name="deleteFB" time="0.0"/>
  <testcase classname="LearnMaven.LearnMTS.ApiTest" name="AndroidApp" time="0.0"/>
  <testcase classname="LearnMaven.LearnMTS.RestApiTest" name="deleteTwitter" time="0.0"/>
  <testcase classname="LearnMaven.LearnMTS.RestApiTest" name="postFB" time="0.0"/>
  <testcase classname="LearnMaven.LearnMTS.RestApiTest" name="postInsta" time="0.0"/>
  <testcase classname="LearnMaven.LearnMTS.RestApiTest" name="postJira" time="0.0"/>
  <testcase classname="LearnMaven.LearnMTS.RestApiTest" name="postMeta" time="0.0"/>
  <testcase classname="LearnMaven.LearnMTS.SelTest" name="browserAutomation" time="0.001"/>
  <testcase classname="LearnMaven.LearnMTS.SelTest" name="elementsUI" time="0.0"/>
  <testcase classname="LearnMaven.LearnMTS.SelTest" name="pmt" time="0.0">
    <failure type="org.testng.TestNGException" message="
Cannot inject @Test annotated Method [pmt] with [class java.lang.String, class java.lang.String].
For more information on native dependency injection please refer to http://testng.org/doc/documentation-main.html#native-dependency-injection">
      <![CDATA[org.testng.TestNGException: 
Cannot inject @Test annotated Method [pmt] with [class java.lang.String, class java.lang.String].
For more information on native dependency injection please refer to http://testng.org/doc/documentation-main.html#native-dependency-injection
at java.base/java.util.ArrayList.forEach(ArrayList.java:1540)
... Removed 36 stack frames]]>
    </failure>
  </testcase> <!-- pmt -->
  <testcase classname="LearnMaven.LearnMTS.SelTest" name="tm2" time="0.0"/>
  <testcase classname="LearnMaven.LearnMTS.SelTest" name="tm1" time="0.0"/>
  <testcase classname="LearnMaven.LearnMTS.ApiTest" name="IOSapp" time="0.0">
    <ignored/>
  </testcase> <!-- IOSapp -->
</testsuite> <!-- Command line test -->
