<?xml version="1.0" encoding="UTF-8"?>
<!-- Generated by org.testng.reporters.JUnitXMLReporter -->
<testsuite ignored="1" hostname="HAMILTON-QA1L" failures="0" tests="12" name="Command line test" time="0.029" errors="0" timestamp="2022-08-03T17:31:11 IST">
  <testcase classname="LearnMaven.LearnMTS.AnnotationsTest" name="deleteTwitter" time="0.001"/>
  <testcase classname="LearnMaven.LearnMTS.AnnotationsTest" name="deleteFB" time="0.0"/>
  <testcase classname="LearnMaven.LearnMTS.ApiTest" name="AndroidApp" time="0.0"/>
  <testcase classname="LearnMaven.LearnMTS.RestApiTest" name="deleteTwitter" time="0.0"/>
  <testcase classname="LearnMaven.LearnMTS.RestApiTest" name="postFB" time="0.0"/>
  <testcase classname="LearnMaven.LearnMTS.RestApiTest" name="postInsta" time="0.0"/>
  <testcase classname="LearnMaven.LearnMTS.RestApiTest" name="postJira" time="0.0"/>
  <testcase classname="LearnMaven.LearnMTS.RestApiTest" name="postMeta" time="0.0"/>
  <testcase classname="LearnMaven.LearnMTS.SelTest" name="browserAutomation" time="0.0"/>
  <testcase classname="LearnMaven.LearnMTS.SelTest" name="elementsUI" time="0.0"/>
  <testcase classname="LearnMaven.LearnMTS.SelTest" name="tm2" time="0.0"/>
  <testcase classname="LearnMaven.LearnMTS.SelTest" name="tm1" time="0.0"/>
  <testcase classname="LearnMaven.LearnMTS.ApiTest" name="IOSapp" time="0.0">
    <ignored/>
  </testcase> <!-- IOSapp -->
</testsuite> <!-- Command line test -->
