<?xml version="1.0" encoding="UTF-8"?>
<!-- Generated by org.testng.reporters.JUnitXMLReporter -->
<testsuite hostname="HAMILTON-QA1L" ignored="0" name="Test" tests="4" failures="0" timestamp="2022-05-03T18:34:52 IST" time="0.039" errors="0">
  <testcase name="deleteTwitter" time="0.005" classname="LearnMaven.LearnMTS.RestApiTest"/>
  <testcase name="postJira" time="0.001" classname="LearnMaven.LearnMTS.RestApiTest"/>
  <testcase name="browserAutomation" time="0.001" classname="LearnMaven.LearnMTS.SelTest"/>
  <testcase name="elementsUI" time="0.0" classname="LearnMaven.LearnMTS.SelTest"/>
</testsuite> <!-- Test -->
