<?xml version="1.0" encoding="UTF-8"?>
<!-- Generated by org.testng.reporters.JUnitXMLReporter -->
<testsuite ignored="4" hostname="HAMILTON-QA1L" failures="0" tests="3" name="Test" time="0.04" errors="0" timestamp="2022-07-26T23:38:38 IST">
  <testcase classname="LearnMaven.LearnMTS.RestApiTest" name="deleteTwitter" time="0.004"/>
  <testcase classname="LearnMaven.LearnMTS.AnnotationsTest" name="deleteTwitter" time="0.0"/>
  <testcase classname="LearnMaven.LearnMTS.AnnotationsTest" name="deleteFB" time="0.0"/>
  <testcase classname="LearnMaven.LearnMTS.RestApiTest" name="postInsta" time="0.0">
    <ignored/>
  </testcase> <!-- postInsta -->
  <testcase classname="LearnMaven.LearnMTS.RestApiTest" name="postFB" time="0.0">
    <ignored/>
  </testcase> <!-- postFB -->
  <testcase classname="LearnMaven.LearnMTS.RestApiTest" name="postMeta" time="0.0">
    <ignored/>
  </testcase> <!-- postMeta -->
  <testcase classname="LearnMaven.LearnMTS.RestApiTest" name="postJira" time="0.0">
    <ignored/>
  </testcase> <!-- postJira -->
</testsuite> <!-- Test -->
