<?xml version="1.0" encoding="UTF-8"?>
<testsuite xmlns:xsi="http://www.w3.org/2001/XMLSchema-instance" xsi:noNamespaceSchemaLocation="https://maven.apache.org/surefire/maven-surefire-plugin/xsd/surefire-test-report-3.0.xsd" version="3.0" name="LearnMaven.LearnMTS.ApiTest" time="0.4" tests="2" errors="0" skipped="0" failures="0">
  <properties>
[...]
</properties>
  <testcase name="AndroidApp" classname="LearnMaven.LearnMTS.ApiTest" time="0.046">
    <system-out><![CDATA[AndroidApp
]]></system-out>
  </testcase>
  <testcase name="IOSapp" classname="LearnMaven.LearnMTS.ApiTest" time="0.001">
    <system-out><![CDATA[IOSapp
]]></system-out>
  </testcase>
</testsuite>