<?xml version="1.0" encoding="UTF-8"?>
<testng-results ignored="1" total="14" passed="12" failed="1" skipped="0">
  <reporter-output>
  </reporter-output>
  <suite started-at="2022-07-26T17:04:12 IST" name="Command line suite" finished-at="2022-07-26T17:04:12 IST" duration-ms="54">
    <groups>
      <group name="SmokeTest">
        <method signature="ApiTest.AndroidApp()[pri:0, instance:LearnMaven.LearnMTS.ApiTest@49e53c76]" name="AndroidApp" class="LearnMaven.LearnMTS.ApiTest"/>
      </group> <!-- SmokeTest -->
    </groups>
    <test started-at="2022-07-26T17:04:12 IST" name="Command line test" finished-at="2022-07-26T17:04:12 IST" duration-ms="54">
      <class name="LearnMaven.LearnMTS.SelTest">
        <test-method signature="browserAutomation()[pri:0, instance:LearnMaven.LearnMTS.SelTest@55b699ef]" started-at="2022-07-26T17:04:12 IST" name="browserAutomation" finished-at="2022-07-26T17:04:12 IST" duration-ms="1" status="PASS">
          <reporter-output>
          </reporter-output>
        </test-method> <!-- browserAutomation -->
        <test-method signature="elementsUI()[pri:0, instance:LearnMaven.LearnMTS.SelTest@55b699ef]" started-at="2022-07-26T17:04:12 IST" name="elementsUI" finished-at="2022-07-26T17:04:12 IST" duration-ms="0" status="PASS">
          <reporter-output>
          </reporter-output>
        </test-method> <!-- elementsUI -->
        <test-method signature="pmt(java.lang.String, java.lang.String)[pri:0, instance:LearnMaven.LearnMTS.SelTest@55b699ef]" started-at="2022-07-26T17:04:12 IST" name="pmt" finished-at="2022-07-26T17:04:12 IST" duration-ms="0" status="FAIL">
          <exception class="org.testng.TestNGException">
            <message>
              <![CDATA[
Cannot inject @Test annotated Method [pmt] with [class java.lang.String, class java.lang.String].
For more information on native dependency injection please refer to http://testng.org/doc/documentation-main.html#native-dependency-injection]]>
            </message>
            <full-stacktrace>
              <![CDATA[org.testng.TestNGException: 
Cannot inject @Test annotated Method [pmt] with [class java.lang.String, class java.lang.String].
For more information on native dependency injection please refer to http://testng.org/doc/documentation-main.html#native-dependency-injection
at org.testng.internal.Parameters.checkParameterTypes(Parameters.java:441)
at org.testng.internal.Parameters.createParametersForMethod(Parameters.java:355)
at org.testng.internal.Parameters.createParameters(Parameters.java:712)
at org.testng.internal.Parameters.handleParameters(Parameters.java:879)
at org.testng.internal.Parameters.handleParameters(Parameters.java:744)
at org.testng.internal.ParameterHandler.handleParameters(ParameterHandler.java:59)
at org.testng.internal.ParameterHandler.createParameters(ParameterHandler.java:38)
at org.testng.internal.TestInvoker$MethodInvocationAgent.invoke(TestInvoker.java:783)
at org.testng.internal.TestInvoker.invokeTestMethods(TestInvoker.java:146)
at org.testng.internal.TestMethodWorker.invokeTestMethods(TestMethodWorker.java:146)
at org.testng.internal.TestMethodWorker.run(TestMethodWorker.java:128)
at java.base/java.util.ArrayList.forEach(ArrayList.java:1540)
at org.testng.TestRunner.privateRun(TestRunner.java:766)
at org.testng.TestRunner.run(TestRunner.java:587)
at org.testng.SuiteRunner.runTest(SuiteRunner.java:384)
at org.testng.SuiteRunner.runSequentially(SuiteRunner.java:378)
at org.testng.SuiteRunner.privateRun(SuiteRunner.java:337)
at org.testng.SuiteRunner.run(SuiteRunner.java:286)
at org.testng.SuiteRunnerWorker.runSuite(SuiteRunnerWorker.java:53)
at org.testng.SuiteRunnerWorker.run(SuiteRunnerWorker.java:96)
at org.testng.TestNG.runSuitesSequentially(TestNG.java:1187)
at org.testng.TestNG.runSuitesLocally(TestNG.java:1109)
at org.testng.TestNG.runSuites(TestNG.java:1039)
at org.testng.TestNG.run(TestNG.java:1007)
at org.apache.maven.surefire.testng.TestNGExecutor.run(TestNGExecutor.java:77)
at org.apache.maven.surefire.testng.TestNGDirectoryTestSuite.executeMulti(TestNGDirectoryTestSuite.java:159)
at org.apache.maven.surefire.testng.TestNGDirectoryTestSuite.execute(TestNGDirectoryTestSuite.java:99)
at org.apache.maven.surefire.testng.TestNGProvider.invoke(TestNGProvider.java:106)
at java.base/jdk.internal.reflect.NativeMethodAccessorImpl.invoke0(Native Method)
at java.base/jdk.internal.reflect.NativeMethodAccessorImpl.invoke(NativeMethodAccessorImpl.java:62)
at java.base/jdk.internal.reflect.DelegatingMethodAccessorImpl.invoke(DelegatingMethodAccessorImpl.java:43)
at java.base/java.lang.reflect.Method.invoke(Method.java:566)
at org.apache.maven.surefire.util.ReflectionUtils.invokeMethodWithArray(ReflectionUtils.java:189)
at org.apache.maven.surefire.booter.ProviderFactory$ProviderProxy.invoke(ProviderFactory.java:165)
at org.apache.maven.surefire.booter.ProviderFactory.invokeProvider(ProviderFactory.java:85)
at org.apache.maven.surefire.booter.ForkedBooter.runSuitesInProcess(ForkedBooter.java:115)
at org.apache.maven.surefire.booter.ForkedBooter.main(ForkedBooter.java:75)
]]>
            </full-stacktrace>
          </exception> <!-- org.testng.TestNGException -->
          <reporter-output>
          </reporter-output>
        </test-method> <!-- pmt -->
        <test-method signature="tm2()[pri:0, instance:LearnMaven.LearnMTS.SelTest@55b699ef]" started-at="2022-07-26T17:04:12 IST" name="tm2" finished-at="2022-07-26T17:04:12 IST" duration-ms="0" status="PASS">
          <reporter-output>
          </reporter-output>
        </test-method> <!-- tm2 -->
        <test-method signature="tm1()[pri:0, instance:LearnMaven.LearnMTS.SelTest@55b699ef]" started-at="2022-07-26T17:04:12 IST" name="tm1" finished-at="2022-07-26T17:04:12 IST" depends-on-methods="LearnMaven.LearnMTS.SelTest.tm2" duration-ms="0" status="PASS">
          <reporter-output>
          </reporter-output>
        </test-method> <!-- tm1 -->
      </class> <!-- LearnMaven.LearnMTS.SelTest -->
      <class name="LearnMaven.LearnMTS.RestApiTest">
        <test-method signature="deleteTwitter()[pri:0, instance:LearnMaven.LearnMTS.RestApiTest@2a3b5b47]" started-at="2022-07-26T17:04:12 IST" name="deleteTwitter" finished-at="2022-07-26T17:04:12 IST" duration-ms="0" status="PASS">
          <reporter-output>
          </reporter-output>
        </test-method> <!-- deleteTwitter -->
        <test-method signature="postFB()[pri:0, instance:LearnMaven.LearnMTS.RestApiTest@2a3b5b47]" started-at="2022-07-26T17:04:12 IST" name="postFB" finished-at="2022-07-26T17:04:12 IST" duration-ms="0" status="PASS">
          <reporter-output>
          </reporter-output>
        </test-method> <!-- postFB -->
        <test-method signature="postInsta()[pri:0, instance:LearnMaven.LearnMTS.RestApiTest@2a3b5b47]" started-at="2022-07-26T17:04:12 IST" name="postInsta" finished-at="2022-07-26T17:04:12 IST" duration-ms="0" status="PASS">
          <reporter-output>
          </reporter-output>
        </test-method> <!-- postInsta -->
        <test-method signature="postJira()[pri:0, instance:LearnMaven.LearnMTS.RestApiTest@2a3b5b47]" started-at="2022-07-26T17:04:12 IST" name="postJira" finished-at="2022-07-26T17:04:12 IST" duration-ms="0" status="PASS">
          <reporter-output>
          </reporter-output>
        </test-method> <!-- postJira -->
        <test-method signature="postMeta()[pri:0, instance:LearnMaven.LearnMTS.RestApiTest@2a3b5b47]" started-at="2022-07-26T17:04:12 IST" name="postMeta" finished-at="2022-07-26T17:04:12 IST" duration-ms="0" status="PASS">
          <reporter-output>
          </reporter-output>
        </test-method> <!-- postMeta -->
      </class> <!-- LearnMaven.LearnMTS.RestApiTest -->
      <class name="LearnMaven.LearnMTS.ApiTest">
        <test-method is-config="true" signature="m3()[pri:0, instance:LearnMaven.LearnMTS.ApiTest@49e53c76]" started-at="2022-07-26T17:04:12 IST" name="m3" finished-at="2022-07-26T17:04:12 IST" duration-ms="7" status="PASS">
          <reporter-output>
          </reporter-output>
        </test-method> <!-- m3 -->
        <test-method is-config="true" signature="m1()[pri:0, instance:LearnMaven.LearnMTS.ApiTest@49e53c76]" started-at="2022-07-26T17:04:12 IST" name="m1" finished-at="2022-07-26T17:04:12 IST" duration-ms="0" status="PASS">
          <reporter-output>
          </reporter-output>
        </test-method> <!-- m1 -->
        <test-method signature="AndroidApp()[pri:0, instance:LearnMaven.LearnMTS.ApiTest@49e53c76]" started-at="2022-07-26T17:04:12 IST" name="AndroidApp" finished-at="2022-07-26T17:04:12 IST" duration-ms="0" status="PASS">
          <reporter-output>
          </reporter-output>
        </test-method> <!-- AndroidApp -->
        <test-method is-config="true" signature="m2()[pri:0, instance:LearnMaven.LearnMTS.ApiTest@49e53c76]" started-at="2022-07-26T17:04:12 IST" name="m2" finished-at="2022-07-26T17:04:12 IST" duration-ms="0" status="PASS">
          <reporter-output>
          </reporter-output>
        </test-method> <!-- m2 -->
        <test-method is-config="true" signature="m4()[pri:0, instance:LearnMaven.LearnMTS.ApiTest@49e53c76]" started-at="2022-07-26T17:04:13 IST" name="m4" finished-at="2022-07-26T17:04:13 IST" duration-ms="0" status="PASS">
          <reporter-output>
          </reporter-output>
        </test-method> <!-- m4 -->
      </class> <!-- LearnMaven.LearnMTS.ApiTest -->
      <class name="LearnMaven.LearnMTS.AnnotationsTest">
        <test-method is-config="true" signature="bfc()[pri:0, instance:LearnMaven.LearnMTS.AnnotationsTest@351d00c0]" started-at="2022-07-26T17:04:12 IST" name="bfc" finished-at="2022-07-26T17:04:12 IST" duration-ms="1" status="PASS">
          <reporter-output>
          </reporter-output>
        </test-method> <!-- bfc -->
        <test-method is-config="true" signature="bfm()[pri:0, instance:LearnMaven.LearnMTS.AnnotationsTest@351d00c0]" started-at="2022-07-26T17:04:12 IST" name="bfm" finished-at="2022-07-26T17:04:12 IST" duration-ms="1" status="PASS">
          <reporter-output>
          </reporter-output>
        </test-method> <!-- bfm -->
        <test-method signature="deleteTwitter()[pri:0, instance:LearnMaven.LearnMTS.AnnotationsTest@351d00c0]" started-at="2022-07-26T17:04:12 IST" name="deleteTwitter" finished-at="2022-07-26T17:04:12 IST" duration-ms="1" status="PASS">
          <reporter-output>
          </reporter-output>
        </test-method> <!-- deleteTwitter -->
        <test-method is-config="true" signature="afm()[pri:0, instance:LearnMaven.LearnMTS.AnnotationsTest@351d00c0]" started-at="2022-07-26T17:04:12 IST" name="afm" finished-at="2022-07-26T17:04:12 IST" duration-ms="1" status="PASS">
          <reporter-output>
          </reporter-output>
        </test-method> <!-- afm -->
        <test-method is-config="true" signature="bfm()[pri:0, instance:LearnMaven.LearnMTS.AnnotationsTest@351d00c0]" started-at="2022-07-26T17:04:12 IST" name="bfm" finished-at="2022-07-26T17:04:12 IST" duration-ms="1" status="PASS">
          <reporter-output>
          </reporter-output>
        </test-method> <!-- bfm -->
        <test-method is-config="true" signature="afm()[pri:0, instance:LearnMaven.LearnMTS.AnnotationsTest@351d00c0]" started-at="2022-07-26T17:04:12 IST" name="afm" finished-at="2022-07-26T17:04:12 IST" duration-ms="0" status="PASS">
          <reporter-output>
          </reporter-output>
        </test-method> <!-- afm -->
        <test-method signature="deleteFB()[pri:0, instance:LearnMaven.LearnMTS.AnnotationsTest@351d00c0]" started-at="2022-07-26T17:04:12 IST" name="deleteFB" finished-at="2022-07-26T17:04:12 IST" depends-on-methods="LearnMaven.LearnMTS.AnnotationsTest.deleteTwitter" duration-ms="0" status="PASS">
          <reporter-output>
          </reporter-output>
        </test-method> <!-- deleteFB -->
        <test-method is-config="true" signature="afc()[pri:0, instance:LearnMaven.LearnMTS.AnnotationsTest@351d00c0]" started-at="2022-07-26T17:04:12 IST" name="afc" finished-at="2022-07-26T17:04:12 IST" duration-ms="0" status="PASS">
          <reporter-output>
          </reporter-output>
        </test-method> <!-- afc -->
      </class> <!-- LearnMaven.LearnMTS.AnnotationsTest -->
    </test> <!-- Command line test -->
  </suite> <!-- Command line suite -->
</testng-results>
