<?xml version="1.0" encoding="UTF-8" ?>
<testsuite tests="12" failures="0" name="TestSuite" time="0.003" errors="0" skipped="0">
  <properties>
[...]
</properties>
  <testcase classname="LearnMaven.LearnMTS.AnnotationsTest" name="deleteTwitter" time="0.003"/>
  <testcase classname="LearnMaven.LearnMTS.AnnotationsTest" name="deleteFB" time="0"/>
  <testcase classname="LearnMaven.LearnMTS.ApiTest" name="AndroidApp" time="0"/>
  <testcase classname="LearnMaven.LearnMTS.RestApiTest" name="deleteTwitter" time="0"/>
  <testcase classname="LearnMaven.LearnMTS.RestApiTest" name="postFB" time="0"/>
  <testcase classname="LearnMaven.LearnMTS.RestApiTest" name="postInsta" time="0"/>
  <testcase classname="LearnMaven.LearnMTS.RestApiTest" name="postJira" time="0"/>
  <testcase classname="LearnMaven.LearnMTS.RestApiTest" name="postMeta" time="0"/>
  <testcase classname="LearnMaven.LearnMTS.SelTest" name="browserAutomation" time="0"/>
  <testcase classname="LearnMaven.LearnMTS.SelTest" name="elementsUI" time="0"/>
  <testcase classname="LearnMaven.LearnMTS.SelTest" name="tm2" time="0"/>
  <testcase classname="LearnMaven.LearnMTS.SelTest" name="tm1" time="0"/>
</testsuite>