<?xml version="1.0" encoding="UTF-8"?>
<testng-results ignored="15" total="19" passed="4" failed="0" skipped="0">
  <reporter-output>
  </reporter-output>
  <suite started-at="2022-05-10T16:00:46 IST" name="Suite" finished-at="2022-05-10T16:00:46 IST" duration-ms="105">
    <groups>
      <group name="SmokeTest">
        <method signature="ApiTest.AndroidApp()[pri:0, instance:LearnMaven.LearnMTS.ApiTest@4c1909a3]" name="AndroidApp" class="LearnMaven.LearnMTS.ApiTest"/>
        <method signature="RestApiTest.postMeta()[pri:0, instance:LearnMaven.LearnMTS.RestApiTest@2dc54ad4]" name="postMeta" class="LearnMaven.LearnMTS.RestApiTest"/>
        <method signature="SelTest.elementsUI()[pri:0, instance:LearnMaven.LearnMTS.SelTest@4b0d79fc]" name="elementsUI" class="LearnMaven.LearnMTS.SelTest"/>
        <method signature="SelTest.elementsUI()[pri:0, instance:LearnMaven.LearnMTS.SelTest@4145bad8]" name="elementsUI" class="LearnMaven.LearnMTS.SelTest"/>
      </group> <!-- SmokeTest -->
    </groups>
    <test started-at="2022-05-10T16:00:46 IST" name="Grouping_Test" finished-at="2022-05-10T16:00:46 IST" duration-ms="42">
      <class name="LearnMaven.LearnMTS.SelTest">
        <test-method signature="elementsUI()[pri:0, instance:LearnMaven.LearnMTS.SelTest@4b0d79fc]" started-at="2022-05-10T16:00:46 IST" name="elementsUI" finished-at="2022-05-10T16:00:46 IST" duration-ms="1" status="PASS">
          <reporter-output>
          </reporter-output>
        </test-method> <!-- elementsUI -->
      </class> <!-- LearnMaven.LearnMTS.SelTest -->
      <class name="LearnMaven.LearnMTS.RestApiTest">
        <test-method signature="postMeta()[pri:0, instance:LearnMaven.LearnMTS.RestApiTest@2dc54ad4]" started-at="2022-05-10T16:00:46 IST" name="postMeta" finished-at="2022-05-10T16:00:46 IST" duration-ms="5" status="PASS">
          <reporter-output>
          </reporter-output>
        </test-method> <!-- postMeta -->
      </class> <!-- LearnMaven.LearnMTS.RestApiTest -->
      <class name="LearnMaven.LearnMTS.ApiTest">
        <test-method signature="AndroidApp()[pri:0, instance:LearnMaven.LearnMTS.ApiTest@4c1909a3]" started-at="2022-05-10T16:00:46 IST" name="AndroidApp" finished-at="2022-05-10T16:00:46 IST" duration-ms="0" status="PASS">
          <reporter-output>
          </reporter-output>
        </test-method> <!-- AndroidApp -->
      </class> <!-- LearnMaven.LearnMTS.ApiTest -->
    </test> <!-- Grouping_Test -->
    <test started-at="2022-05-10T16:00:46 IST" name="Test" finished-at="2022-05-10T16:00:46 IST" duration-ms="2">
      <class name="LearnMaven.LearnMTS.SelTest">
        <test-method signature="elementsUI()[pri:0, instance:LearnMaven.LearnMTS.SelTest@4145bad8]" started-at="2022-05-10T16:00:46 IST" name="elementsUI" finished-at="2022-05-10T16:00:46 IST" duration-ms="0" status="PASS">
          <reporter-output>
          </reporter-output>
        </test-method> <!-- elementsUI -->
      </class> <!-- LearnMaven.LearnMTS.SelTest -->
    </test> <!-- Test -->
  </suite> <!-- Suite -->
</testng-results>
