<?xml version="1.0" encoding="UTF-8"?>
<!-- Generated by org.testng.reporters.JUnitXMLReporter -->
<testsuite ignored="11" hostname="HAMILTON-QA1L" failures="0" tests="3" name="Grouping_Test" time="0.042" errors="0" timestamp="2022-05-10T16:00:46 IST">
  <testcase classname="LearnMaven.LearnMTS.RestApiTest" name="postMeta" time="0.005"/>
  <testcase classname="LearnMaven.LearnMTS.SelTest" name="elementsUI" time="0.001"/>
  <testcase classname="LearnMaven.LearnMTS.ApiTest" name="AndroidApp" time="0.0"/>
  <testcase classname="LearnMaven.LearnMTS.SelTest" name="pmt" time="0.0">
    <ignored/>
  </testcase> <!-- pmt -->
  <testcase classname="LearnMaven.LearnMTS.RestApiTest" name="deleteTwitter" time="0.0">
    <ignored/>
  </testcase> <!-- deleteTwitter -->
  <testcase classname="LearnMaven.LearnMTS.RestApiTest" name="postJira" time="0.0">
    <ignored/>
  </testcase> <!-- postJira -->
  <testcase classname="LearnMaven.LearnMTS.RestApiTest" name="postInsta" time="0.0">
    <ignored/>
  </testcase> <!-- postInsta -->
  <testcase classname="LearnMaven.LearnMTS.AnnotationsTest" name="deleteTwitter" time="0.0">
    <ignored/>
  </testcase> <!-- deleteTwitter -->
  <testcase classname="LearnMaven.LearnMTS.RestApiTest" name="postFB" time="0.0">
    <ignored/>
  </testcase> <!-- postFB -->
  <testcase classname="LearnMaven.LearnMTS.SelTest" name="tm2" time="0.0">
    <ignored/>
  </testcase> <!-- tm2 -->
  <testcase classname="LearnMaven.LearnMTS.SelTest" name="tm1" time="0.0">
    <ignored/>
  </testcase> <!-- tm1 -->
  <testcase classname="LearnMaven.LearnMTS.AnnotationsTest" name="deleteFB" time="0.0">
    <ignored/>
  </testcase> <!-- deleteFB -->
  <testcase classname="LearnMaven.LearnMTS.ApiTest" name="IOSapp" time="0.0">
    <ignored/>
  </testcase> <!-- IOSapp -->
  <testcase classname="LearnMaven.LearnMTS.SelTest" name="browserAutomation" time="0.0">
    <ignored/>
  </testcase> <!-- browserAutomation -->
</testsuite> <!-- Grouping_Test -->
