<?xml version="1.0" encoding="UTF-8"?>
<!-- Generated by org.testng.reporters.JUnitXMLReporter -->
<testsuite ignored="4" hostname="HAMILTON-QA1L" failures="0" tests="1" name="Test" time="0.002" errors="0" timestamp="2022-05-10T16:00:46 IST">
  <testcase classname="LearnMaven.LearnMTS.SelTest" name="elementsUI" time="0.0"/>
  <testcase classname="LearnMaven.LearnMTS.SelTest" name="pmt" time="0.0">
    <ignored/>
  </testcase> <!-- pmt -->
  <testcase classname="LearnMaven.LearnMTS.SelTest" name="tm2" time="0.0">
    <ignored/>
  </testcase> <!-- tm2 -->
  <testcase classname="LearnMaven.LearnMTS.SelTest" name="tm1" time="0.0">
    <ignored/>
  </testcase> <!-- tm1 -->
  <testcase classname="LearnMaven.LearnMTS.SelTest" name="browserAutomation" time="0.0">
    <ignored/>
  </testcase> <!-- browserAutomation -->
</testsuite> <!-- Test -->
